{"uid":"d5a3cec90ee22d53","name":"test_add_reacrion","fullName":"tests_all.TestMessage#test_add_reacrion","historyId":"1044f478aac7a4975b83442cc342fb86","time":{"start":1730063427080,"stop":1730063427080,"duration":0},"status":"broken","statusMessage":"selenium.common.exceptions.TimeoutException: Message: Can't find element by locator ('xpath', '//*[@id=\"app-mount\"]/div[2]/div[1]/div[1]/div/div[2]/div/div/nav/ul/div[2]/div[3]/div[1]/div[2]/div/div/svg/foreignObject/div/div')\nStacktrace:\n#0 0x556a3da120aa <unknown>\n#1 0x556a3d5291a0 <unknown>\n#2 0x556a3d575d06 <unknown>\n#3 0x556a3d575fa1 <unknown>\n#4 0x556a3d5bb344 <unknown>\n#5 0x556a3d599dad <unknown>\n#6 0x556a3d5b8866 <unknown>\n#7 0x556a3d599b23 <unknown>\n#8 0x556a3d568990 <unknown>\n#9 0x556a3d56996e <unknown>\n#10 0x556a3d9de16b <unknown>\n#11 0x556a3d9e1f68 <unknown>\n#12 0x556a3d9cb64c <unknown>\n#13 0x556a3d9e2ae7 <unknown>\n#14 0x556a3d9b04af <unknown>\n#15 0x556a3da004f8 <unknown>\n#16 0x556a3da006c0 <unknown>\n#17 0x556a3da10f26 <unknown>\n#18 0x7fc8e3094ac3 <unknown>","statusTrace":"request = <SubRequest 'init_driver' for <Function test_send_message>>\n\n    @pytest.fixture(scope=\"class\")\n    def init_driver(request):\n        # Инициализация драйвера\n        # options = webdriver.ChromeOptions()\n        # options.add_argument('--headless')\n        # driver = webdriver.Chrome(options=options)\n        driver = webdriver.Chrome()\n        driver.implicitly_wait(10)\n        driver.maximize_window()\n        request.cls.driver = driver\n        #Добавила блок с входом, чтобы не повторять его постоянно в тестах\n    \n        # Инициализация страницы\n        login_page = LoginPage(driver)\n        home_page = HomePage(driver)\n        base_page = BasePage(driver)\n    \n        # Открытие страницы\n        base_page.open_page()\n        time.sleep(5)\n        # login_page.open_login_page()\n    \n        # Логинимся\n        login_page.login_user()\n    \n>       home_page.clic_to_server_diplom()\n\nconftest.py:33: \n_ _ _ _ _ _ _ _ _ _ _ _ _ _ _ _ _ _ _ _ _ _ _ _ _ _ _ _ _ _ _ _ _ _ _ _ _ _ _ _ \nhome_page.py:107: in clic_to_server_diplom\n    self.hover(self.server_diplom_locator())\nbase_page.py:21: in hover\n    element = self.find_element(locator)\nbase_page.py:13: in find_element\n    return WebDriverWait(self.driver, time).until(EC.presence_of_element_located(locator),\n_ _ _ _ _ _ _ _ _ _ _ _ _ _ _ _ _ _ _ _ _ _ _ _ _ _ _ _ _ _ _ _ _ _ _ _ _ _ _ _ \n\nself = <selenium.webdriver.support.wait.WebDriverWait (session=\"81d64e43562d74146de246d07dc2b4dd\")>\nmethod = <function presence_of_element_located.<locals>._predicate at 0x7fc4cb7ee5f0>\nmessage = 'Can\\'t find element by locator (\\'xpath\\', \\'//*[@id=\"app-mount\"]/div[2]/div[1]/div[1]/div/div[2]/div/div/nav/ul/div[2]/div[3]/div[1]/div[2]/div/div/svg/foreignObject/div/div\\')'\n\n    def until(self, method: Callable[[D], Union[Literal[False], T]], message: str = \"\") -> T:\n        \"\"\"Calls the method provided with the driver as an argument until the \\\n        return value does not evaluate to ``False``.\n    \n        :param method: callable(WebDriver)\n        :param message: optional message for :exc:`TimeoutException`\n        :returns: the result of the last call to `method`\n        :raises: :exc:`selenium.common.exceptions.TimeoutException` if timeout occurs\n        \"\"\"\n        screen = None\n        stacktrace = None\n    \n        end_time = time.monotonic() + self._timeout\n        while True:\n            try:\n                value = method(self._driver)\n                if value:\n                    return value\n            except self._ignored_exceptions as exc:\n                screen = getattr(exc, \"screen\", None)\n                stacktrace = getattr(exc, \"stacktrace\", None)\n            time.sleep(self._poll)\n            if time.monotonic() > end_time:\n                break\n>       raise TimeoutException(message, screen, stacktrace)\nE       selenium.common.exceptions.TimeoutException: Message: Can't find element by locator ('xpath', '//*[@id=\"app-mount\"]/div[2]/div[1]/div[1]/div/div[2]/div/div/nav/ul/div[2]/div[3]/div[1]/div[2]/div/div/svg/foreignObject/div/div')\nE       Stacktrace:\nE       #0 0x556a3da120aa <unknown>\nE       #1 0x556a3d5291a0 <unknown>\nE       #2 0x556a3d575d06 <unknown>\nE       #3 0x556a3d575fa1 <unknown>\nE       #4 0x556a3d5bb344 <unknown>\nE       #5 0x556a3d599dad <unknown>\nE       #6 0x556a3d5b8866 <unknown>\nE       #7 0x556a3d599b23 <unknown>\nE       #8 0x556a3d568990 <unknown>\nE       #9 0x556a3d56996e <unknown>\nE       #10 0x556a3d9de16b <unknown>\nE       #11 0x556a3d9e1f68 <unknown>\nE       #12 0x556a3d9cb64c <unknown>\nE       #13 0x556a3d9e2ae7 <unknown>\nE       #14 0x556a3d9b04af <unknown>\nE       #15 0x556a3da004f8 <unknown>\nE       #16 0x556a3da006c0 <unknown>\nE       #17 0x556a3da10f26 <unknown>\nE       #18 0x7fc8e3094ac3 <unknown>\n\n/opt/hostedtoolcache/Python/3.10.15/x64/lib/python3.10/site-packages/selenium/webdriver/support/wait.py:105: TimeoutException","flaky":false,"newFailed":false,"newBroken":false,"newPassed":false,"retriesCount":0,"retriesStatusChange":false,"beforeStages":[{"name":"init_driver","time":{"start":1730063403689,"stop":1730063427026,"duration":23337},"status":"broken","statusMessage":"selenium.common.exceptions.TimeoutException: Message: Can't find element by locator ('xpath', '//*[@id=\"app-mount\"]/div[2]/div[1]/div[1]/div/div[2]/div/div/nav/ul/div[2]/div[3]/div[1]/div[2]/div/div/svg/foreignObject/div/div')\nStacktrace:\n#0 0x556a3da120aa <unknown>\n#1 0x556a3d5291a0 <unknown>\n#2 0x556a3d575d06 <unknown>\n#3 0x556a3d575fa1 <unknown>\n#4 0x556a3d5bb344 <unknown>\n#5 0x556a3d599dad <unknown>\n#6 0x556a3d5b8866 <unknown>\n#7 0x556a3d599b23 <unknown>\n#8 0x556a3d568990 <unknown>\n#9 0x556a3d56996e <unknown>\n#10 0x556a3d9de16b <unknown>\n#11 0x556a3d9e1f68 <unknown>\n#12 0x556a3d9cb64c <unknown>\n#13 0x556a3d9e2ae7 <unknown>\n#14 0x556a3d9b04af <unknown>\n#15 0x556a3da004f8 <unknown>\n#16 0x556a3da006c0 <unknown>\n#17 0x556a3da10f26 <unknown>\n#18 0x7fc8e3094ac3 <unknown>\n\n","statusTrace":"  File \"/opt/hostedtoolcache/Python/3.10.15/x64/lib/python3.10/site-packages/pluggy/_callers.py\", line 167, in _multicall\n    teardown.throw(outcome._exception)\n  File \"/opt/hostedtoolcache/Python/3.10.15/x64/lib/python3.10/site-packages/_pytest/setuponly.py\", line 36, in pytest_fixture_setup\n    return (yield)\n  File \"/opt/hostedtoolcache/Python/3.10.15/x64/lib/python3.10/site-packages/pluggy/_callers.py\", line 103, in _multicall\n    res = hook_impl.function(*args)\n  File \"/opt/hostedtoolcache/Python/3.10.15/x64/lib/python3.10/site-packages/_pytest/fixtures.py\", line 1140, in pytest_fixture_setup\n    result = call_fixture_func(fixturefunc, request, kwargs)\n  File \"/opt/hostedtoolcache/Python/3.10.15/x64/lib/python3.10/site-packages/_pytest/fixtures.py\", line 891, in call_fixture_func\n    fixture_result = next(generator)\n  File \"/home/runner/work/DiplomD/DiplomD/conftest.py\", line 33, in init_driver\n    home_page.clic_to_server_diplom()\n  File \"/home/runner/work/DiplomD/DiplomD/home_page.py\", line 107, in clic_to_server_diplom\n    self.hover(self.server_diplom_locator())\n  File \"/home/runner/work/DiplomD/DiplomD/base_page.py\", line 21, in hover\n    element = self.find_element(locator)\n  File \"/home/runner/work/DiplomD/DiplomD/base_page.py\", line 13, in find_element\n    return WebDriverWait(self.driver, time).until(EC.presence_of_element_located(locator),\n  File \"/opt/hostedtoolcache/Python/3.10.15/x64/lib/python3.10/site-packages/selenium/webdriver/support/wait.py\", line 105, in until\n    raise TimeoutException(message, screen, stacktrace)\n","steps":[],"attachments":[],"parameters":[],"shouldDisplayMessage":true,"stepsCount":0,"attachmentsCount":0,"hasContent":true}],"afterStages":[],"labels":[{"name":"tag","value":"@pytest.mark.usefixtures('init_driver', 'base_url')"},{"name":"suite","value":"tests_all"},{"name":"subSuite","value":"TestMessage"},{"name":"host","value":"fv-az1536-484"},{"name":"thread","value":"2277-MainThread"},{"name":"framework","value":"pytest"},{"name":"language","value":"cpython3"},{"name":"package","value":"tests_all"},{"name":"resultFormat","value":"allure2"}],"parameters":[],"links":[],"hidden":false,"retry":false,"extra":{"severity":"normal","retries":[],"categories":[{"name":"Test defects","matchedStatuses":[],"flaky":false}],"history":{"statistic":{"failed":0,"broken":2,"skipped":0,"passed":0,"unknown":0,"total":2},"items":[{"uid":"68c9b6bb2f3481ee","reportUrl":"https://DyatlovaTatyana.github.io/DiplomD/21//#testresult/68c9b6bb2f3481ee","status":"broken","statusDetails":"selenium.common.exceptions.TimeoutException: Message: Can't find element by locator ('xpath', '//div[@class=\"childWrapper_f90abb childWrapperNoHoverBg_f90abb acronym_f90abb\"]')\nStacktrace:\n#0 0x5640451540aa <unknown>\n#1 0x564044c6b1a0 <unknown>\n#2 0x564044cb7d06 <unknown>\n#3 0x564044cb7fa1 <unknown>\n#4 0x564044cfd344 <unknown>\n#5 0x564044cdbdad <unknown>\n#6 0x564044cfa866 <unknown>\n#7 0x564044cdbb23 <unknown>\n#8 0x564044caa990 <unknown>\n#9 0x564044cab96e <unknown>\n#10 0x56404512016b <unknown>\n#11 0x564045123f68 <unknown>\n#12 0x56404510d64c <unknown>\n#13 0x564045124ae7 <unknown>\n#14 0x5640450f24af <unknown>\n#15 0x5640451424f8 <unknown>\n#16 0x5640451426c0 <unknown>\n#17 0x564045152f26 <unknown>\n#18 0x7f48bd694ac3 <unknown>","time":{"start":1730062815597,"stop":1730062815597,"duration":0}}]},"tags":["@pytest.mark.usefixtures('init_driver', 'base_url')"]},"source":"d5a3cec90ee22d53.json","parameterValues":[]}