{"uid":"d43cb3cf81e522e","name":"test_send_message","fullName":"tests_all.TestMessage#test_send_message","historyId":"b2633d5b7c05ed8dabea7e52ac69d41f","time":{"start":1730067675357,"stop":1730067698016,"duration":22659},"status":"broken","statusMessage":"selenium.common.exceptions.TimeoutException: Message: Can't find element by locator ('xpath', '//div[@class=\"childWrapper_f90abb childWrapperNoHoverBg_f90abb acronym_f90abb\"]')\nStacktrace:\n#0 0x56359f8490aa <unknown>\n#1 0x56359f3601a0 <unknown>\n#2 0x56359f3acd06 <unknown>\n#3 0x56359f3acfa1 <unknown>\n#4 0x56359f3f2344 <unknown>\n#5 0x56359f3d0dad <unknown>\n#6 0x56359f3ef866 <unknown>\n#7 0x56359f3d0b23 <unknown>\n#8 0x56359f39f990 <unknown>\n#9 0x56359f3a096e <unknown>\n#10 0x56359f81516b <unknown>\n#11 0x56359f818f68 <unknown>\n#12 0x56359f80264c <unknown>\n#13 0x56359f819ae7 <unknown>\n#14 0x56359f7e74af <unknown>\n#15 0x56359f8374f8 <unknown>\n#16 0x56359f8376c0 <unknown>\n#17 0x56359f847f26 <unknown>\n#18 0x7f5d8f294ac3 <unknown>","statusTrace":"self = <tests_all.TestMessage object at 0x7f128ac9be50>\nbase_url = 'https://discord.com/login'\n\n    def test_send_message(self, base_url):\n        # Инициализация страницы\n        login_page = LoginPage(self.driver)\n        home_page = HomePage(self.driver)\n        base_page = BasePage(self.driver)\n    \n        # Открытие страницы\n        base_page.open_page()\n        time.sleep(5)\n    \n        # Логинимся\n        login_page.login_user()\n        time.sleep(5)\n        print(\"Текущий урл: \", self.driver.current_url)\n        # Проверяем, что открылась страница с моими каналами\n        # assert self.driver.current_url == 'https://discord.com/channels/@me'\n        # Переходим в канал \"4\"\n>       home_page.clic_to_server_diplom()\n\ntests_all.py:34: \n_ _ _ _ _ _ _ _ _ _ _ _ _ _ _ _ _ _ _ _ _ _ _ _ _ _ _ _ _ _ _ _ _ _ _ _ _ _ _ _ \nhome_page.py:105: in clic_to_server_diplom\n    self.hover(self.server_diplom_locator())\nbase_page.py:21: in hover\n    element = self.find_element(locator)\nbase_page.py:13: in find_element\n    return WebDriverWait(self.driver, time).until(EC.presence_of_element_located(locator),\n_ _ _ _ _ _ _ _ _ _ _ _ _ _ _ _ _ _ _ _ _ _ _ _ _ _ _ _ _ _ _ _ _ _ _ _ _ _ _ _ \n\nself = <selenium.webdriver.support.wait.WebDriverWait (session=\"66b82262f031aaf8075205c850720894\")>\nmethod = <function presence_of_element_located.<locals>._predicate at 0x7f128ac176d0>\nmessage = 'Can\\'t find element by locator (\\'xpath\\', \\'//div[@class=\"childWrapper_f90abb childWrapperNoHoverBg_f90abb acronym_f90abb\"]\\')'\n\n    def until(self, method: Callable[[D], Union[Literal[False], T]], message: str = \"\") -> T:\n        \"\"\"Calls the method provided with the driver as an argument until the \\\n        return value does not evaluate to ``False``.\n    \n        :param method: callable(WebDriver)\n        :param message: optional message for :exc:`TimeoutException`\n        :returns: the result of the last call to `method`\n        :raises: :exc:`selenium.common.exceptions.TimeoutException` if timeout occurs\n        \"\"\"\n        screen = None\n        stacktrace = None\n    \n        end_time = time.monotonic() + self._timeout\n        while True:\n            try:\n                value = method(self._driver)\n                if value:\n                    return value\n            except self._ignored_exceptions as exc:\n                screen = getattr(exc, \"screen\", None)\n                stacktrace = getattr(exc, \"stacktrace\", None)\n            time.sleep(self._poll)\n            if time.monotonic() > end_time:\n                break\n>       raise TimeoutException(message, screen, stacktrace)\nE       selenium.common.exceptions.TimeoutException: Message: Can't find element by locator ('xpath', '//div[@class=\"childWrapper_f90abb childWrapperNoHoverBg_f90abb acronym_f90abb\"]')\nE       Stacktrace:\nE       #0 0x56359f8490aa <unknown>\nE       #1 0x56359f3601a0 <unknown>\nE       #2 0x56359f3acd06 <unknown>\nE       #3 0x56359f3acfa1 <unknown>\nE       #4 0x56359f3f2344 <unknown>\nE       #5 0x56359f3d0dad <unknown>\nE       #6 0x56359f3ef866 <unknown>\nE       #7 0x56359f3d0b23 <unknown>\nE       #8 0x56359f39f990 <unknown>\nE       #9 0x56359f3a096e <unknown>\nE       #10 0x56359f81516b <unknown>\nE       #11 0x56359f818f68 <unknown>\nE       #12 0x56359f80264c <unknown>\nE       #13 0x56359f819ae7 <unknown>\nE       #14 0x56359f7e74af <unknown>\nE       #15 0x56359f8374f8 <unknown>\nE       #16 0x56359f8376c0 <unknown>\nE       #17 0x56359f847f26 <unknown>\nE       #18 0x7f5d8f294ac3 <unknown>\n\n/opt/hostedtoolcache/Python/3.10.15/x64/lib/python3.10/site-packages/selenium/webdriver/support/wait.py:105: TimeoutException","flaky":false,"newFailed":false,"newBroken":true,"newPassed":false,"retriesCount":0,"retriesStatusChange":false,"beforeStages":[{"name":"init_driver","time":{"start":1730067673876,"stop":1730067675356,"duration":1480},"status":"passed","steps":[],"attachments":[],"parameters":[],"shouldDisplayMessage":false,"stepsCount":0,"attachmentsCount":0,"hasContent":false},{"name":"base_url","time":{"start":1730067675357,"stop":1730067675357,"duration":0},"status":"passed","steps":[],"attachments":[],"parameters":[],"shouldDisplayMessage":false,"stepsCount":0,"attachmentsCount":0,"hasContent":false}],"testStage":{"status":"broken","statusMessage":"selenium.common.exceptions.TimeoutException: Message: Can't find element by locator ('xpath', '//div[@class=\"childWrapper_f90abb childWrapperNoHoverBg_f90abb acronym_f90abb\"]')\nStacktrace:\n#0 0x56359f8490aa <unknown>\n#1 0x56359f3601a0 <unknown>\n#2 0x56359f3acd06 <unknown>\n#3 0x56359f3acfa1 <unknown>\n#4 0x56359f3f2344 <unknown>\n#5 0x56359f3d0dad <unknown>\n#6 0x56359f3ef866 <unknown>\n#7 0x56359f3d0b23 <unknown>\n#8 0x56359f39f990 <unknown>\n#9 0x56359f3a096e <unknown>\n#10 0x56359f81516b <unknown>\n#11 0x56359f818f68 <unknown>\n#12 0x56359f80264c <unknown>\n#13 0x56359f819ae7 <unknown>\n#14 0x56359f7e74af <unknown>\n#15 0x56359f8374f8 <unknown>\n#16 0x56359f8376c0 <unknown>\n#17 0x56359f847f26 <unknown>\n#18 0x7f5d8f294ac3 <unknown>","statusTrace":"self = <tests_all.TestMessage object at 0x7f128ac9be50>\nbase_url = 'https://discord.com/login'\n\n    def test_send_message(self, base_url):\n        # Инициализация страницы\n        login_page = LoginPage(self.driver)\n        home_page = HomePage(self.driver)\n        base_page = BasePage(self.driver)\n    \n        # Открытие страницы\n        base_page.open_page()\n        time.sleep(5)\n    \n        # Логинимся\n        login_page.login_user()\n        time.sleep(5)\n        print(\"Текущий урл: \", self.driver.current_url)\n        # Проверяем, что открылась страница с моими каналами\n        # assert self.driver.current_url == 'https://discord.com/channels/@me'\n        # Переходим в канал \"4\"\n>       home_page.clic_to_server_diplom()\n\ntests_all.py:34: \n_ _ _ _ _ _ _ _ _ _ _ _ _ _ _ _ _ _ _ _ _ _ _ _ _ _ _ _ _ _ _ _ _ _ _ _ _ _ _ _ \nhome_page.py:105: in clic_to_server_diplom\n    self.hover(self.server_diplom_locator())\nbase_page.py:21: in hover\n    element = self.find_element(locator)\nbase_page.py:13: in find_element\n    return WebDriverWait(self.driver, time).until(EC.presence_of_element_located(locator),\n_ _ _ _ _ _ _ _ _ _ _ _ _ _ _ _ _ _ _ _ _ _ _ _ _ _ _ _ _ _ _ _ _ _ _ _ _ _ _ _ \n\nself = <selenium.webdriver.support.wait.WebDriverWait (session=\"66b82262f031aaf8075205c850720894\")>\nmethod = <function presence_of_element_located.<locals>._predicate at 0x7f128ac176d0>\nmessage = 'Can\\'t find element by locator (\\'xpath\\', \\'//div[@class=\"childWrapper_f90abb childWrapperNoHoverBg_f90abb acronym_f90abb\"]\\')'\n\n    def until(self, method: Callable[[D], Union[Literal[False], T]], message: str = \"\") -> T:\n        \"\"\"Calls the method provided with the driver as an argument until the \\\n        return value does not evaluate to ``False``.\n    \n        :param method: callable(WebDriver)\n        :param message: optional message for :exc:`TimeoutException`\n        :returns: the result of the last call to `method`\n        :raises: :exc:`selenium.common.exceptions.TimeoutException` if timeout occurs\n        \"\"\"\n        screen = None\n        stacktrace = None\n    \n        end_time = time.monotonic() + self._timeout\n        while True:\n            try:\n                value = method(self._driver)\n                if value:\n                    return value\n            except self._ignored_exceptions as exc:\n                screen = getattr(exc, \"screen\", None)\n                stacktrace = getattr(exc, \"stacktrace\", None)\n            time.sleep(self._poll)\n            if time.monotonic() > end_time:\n                break\n>       raise TimeoutException(message, screen, stacktrace)\nE       selenium.common.exceptions.TimeoutException: Message: Can't find element by locator ('xpath', '//div[@class=\"childWrapper_f90abb childWrapperNoHoverBg_f90abb acronym_f90abb\"]')\nE       Stacktrace:\nE       #0 0x56359f8490aa <unknown>\nE       #1 0x56359f3601a0 <unknown>\nE       #2 0x56359f3acd06 <unknown>\nE       #3 0x56359f3acfa1 <unknown>\nE       #4 0x56359f3f2344 <unknown>\nE       #5 0x56359f3d0dad <unknown>\nE       #6 0x56359f3ef866 <unknown>\nE       #7 0x56359f3d0b23 <unknown>\nE       #8 0x56359f39f990 <unknown>\nE       #9 0x56359f3a096e <unknown>\nE       #10 0x56359f81516b <unknown>\nE       #11 0x56359f818f68 <unknown>\nE       #12 0x56359f80264c <unknown>\nE       #13 0x56359f819ae7 <unknown>\nE       #14 0x56359f7e74af <unknown>\nE       #15 0x56359f8374f8 <unknown>\nE       #16 0x56359f8376c0 <unknown>\nE       #17 0x56359f847f26 <unknown>\nE       #18 0x7f5d8f294ac3 <unknown>\n\n/opt/hostedtoolcache/Python/3.10.15/x64/lib/python3.10/site-packages/selenium/webdriver/support/wait.py:105: TimeoutException","steps":[],"attachments":[{"uid":"12d0c4e0175f26b6","name":"stdout","source":"12d0c4e0175f26b6.txt","type":"text/plain","size":50}],"parameters":[],"shouldDisplayMessage":true,"stepsCount":0,"attachmentsCount":1,"hasContent":true},"afterStages":[{"name":"init_driver::0","time":{"start":1730067771954,"stop":1730067772053,"duration":99},"status":"passed","steps":[],"attachments":[],"parameters":[],"shouldDisplayMessage":false,"stepsCount":0,"attachmentsCount":0,"hasContent":false}],"labels":[{"name":"tag","value":"@pytest.mark.usefixtures('init_driver', 'base_url')"},{"name":"suite","value":"tests_all"},{"name":"subSuite","value":"TestMessage"},{"name":"host","value":"fv-az1016-35"},{"name":"thread","value":"2219-MainThread"},{"name":"framework","value":"pytest"},{"name":"language","value":"cpython3"},{"name":"package","value":"tests_all"},{"name":"resultFormat","value":"allure2"}],"parameters":[],"links":[],"hidden":false,"retry":false,"extra":{"severity":"normal","retries":[],"categories":[{"name":"Test defects","matchedStatuses":[],"flaky":false}],"history":{"statistic":{"failed":1,"broken":7,"skipped":0,"passed":0,"unknown":0,"total":8},"items":[{"uid":"e40e93a7ddaa3903","reportUrl":"https://DyatlovaTatyana.github.io/DiplomD/34//#testresult/e40e93a7ddaa3903","status":"failed","statusDetails":"AssertionError: assert 'https://discord.com/login' == 'https://disc.../channels/@me'\n  \n  - https://discord.com/channels/@me\n  + https://discord.com/login","time":{"start":1730067279263,"stop":1730067291918,"duration":12655}},{"uid":"c69cd51cf4523f87","reportUrl":"https://DyatlovaTatyana.github.io/DiplomD/6//#testresult/c69cd51cf4523f87","status":"broken","statusDetails":"selenium.common.exceptions.TimeoutException: Message: Can't find element by locator ('xpath', '//div[text()=\"СерверДилом\"]')\nStacktrace:\n#0 0x563f3a3b00aa <unknown>\n#1 0x563f39ec71a0 <unknown>\n#2 0x563f39f13d06 <unknown>\n#3 0x563f39f13fa1 <unknown>\n#4 0x563f39f59344 <unknown>\n#5 0x563f39f37dad <unknown>\n#6 0x563f39f56866 <unknown>\n#7 0x563f39f37b23 <unknown>\n#8 0x563f39f06990 <unknown>\n#9 0x563f39f0796e <unknown>\n#10 0x563f3a37c16b <unknown>\n#11 0x563f3a37ff68 <unknown>\n#12 0x563f3a36964c <unknown>\n#13 0x563f3a380ae7 <unknown>\n#14 0x563f3a34e4af <unknown>\n#15 0x563f3a39e4f8 <unknown>\n#16 0x563f3a39e6c0 <unknown>\n#17 0x563f3a3aef26 <unknown>\n#18 0x7f9417e94ac3 <unknown>","time":{"start":1730067321832,"stop":1730067321832,"duration":0}},{"uid":"873b9fbb29fa5dac","reportUrl":"https://DyatlovaTatyana.github.io/DiplomD/6//#testresult/873b9fbb29fa5dac","status":"broken","statusDetails":"selenium.common.exceptions.TimeoutException: Message: Can't find element by locator ('xpath', '//div[text()=\"СерверДилом\"]')\nStacktrace:\n#0 0x5598a23cf0aa <unknown>\n#1 0x5598a1ee61a0 <unknown>\n#2 0x5598a1f32d06 <unknown>\n#3 0x5598a1f32fa1 <unknown>\n#4 0x5598a1f78344 <unknown>\n#5 0x5598a1f56dad <unknown>\n#6 0x5598a1f75866 <unknown>\n#7 0x5598a1f56b23 <unknown>\n#8 0x5598a1f25990 <unknown>\n#9 0x5598a1f2696e <unknown>\n#10 0x5598a239b16b <unknown>\n#11 0x5598a239ef68 <unknown>\n#12 0x5598a238864c <unknown>\n#13 0x5598a239fae7 <unknown>\n#14 0x5598a236d4af <unknown>\n#15 0x5598a23bd4f8 <unknown>\n#16 0x5598a23bd6c0 <unknown>\n#17 0x5598a23cdf26 <unknown>\n#18 0x7f9f67694ac3 <unknown>","time":{"start":1730066990749,"stop":1730066990749,"duration":0}},{"uid":"4c71e1223dcfcf23","reportUrl":"https://DyatlovaTatyana.github.io/DiplomD/28//#testresult/4c71e1223dcfcf23","status":"broken","statusDetails":"selenium.common.exceptions.TimeoutException: Message: Can't find element by locator ('xpath', '//div[@class=\"childWrapper_f90abb childWrapperNoHoverBg_f90abb acronym_f90abb\"]')\nStacktrace:\n#0 0x5635a9c0b0aa <unknown>\n#1 0x5635a97221a0 <unknown>\n#2 0x5635a976ed06 <unknown>\n#3 0x5635a976efa1 <unknown>\n#4 0x5635a97b4344 <unknown>\n#5 0x5635a9792dad <unknown>\n#6 0x5635a97b1866 <unknown>\n#7 0x5635a9792b23 <unknown>\n#8 0x5635a9761990 <unknown>\n#9 0x5635a976296e <unknown>\n#10 0x5635a9bd716b <unknown>\n#11 0x5635a9bdaf68 <unknown>\n#12 0x5635a9bc464c <unknown>\n#13 0x5635a9bdbae7 <unknown>\n#14 0x5635a9ba94af <unknown>\n#15 0x5635a9bf94f8 <unknown>\n#16 0x5635a9bf96c0 <unknown>\n#17 0x5635a9c09f26 <unknown>\n#18 0x7f08e3c94ac3 <unknown>","time":{"start":1730066562334,"stop":1730066562334,"duration":0}},{"uid":"bc510e9baf7b2445","reportUrl":"https://DyatlovaTatyana.github.io/DiplomD/27//#testresult/bc510e9baf7b2445","status":"broken","statusDetails":"selenium.common.exceptions.TimeoutException: Message: Can't find element by locator ('xpath', '//div[@class=\"childWrapper_f90abb childWrapperNoHoverBg_f90abb acronym_f90abb\"]')\nStacktrace:\n#0 0x5579b64e80aa <unknown>\n#1 0x5579b5fff1a0 <unknown>\n#2 0x5579b604bd06 <unknown>\n#3 0x5579b604bfa1 <unknown>\n#4 0x5579b6091344 <unknown>\n#5 0x5579b606fdad <unknown>\n#6 0x5579b608e866 <unknown>\n#7 0x5579b606fb23 <unknown>\n#8 0x5579b603e990 <unknown>\n#9 0x5579b603f96e <unknown>\n#10 0x5579b64b416b <unknown>\n#11 0x5579b64b7f68 <unknown>\n#12 0x5579b64a164c <unknown>\n#13 0x5579b64b8ae7 <unknown>\n#14 0x5579b64864af <unknown>\n#15 0x5579b64d64f8 <unknown>\n#16 0x5579b64d66c0 <unknown>\n#17 0x5579b64e6f26 <unknown>\n#18 0x7f9ef6a94ac3 <unknown>","time":{"start":1730066089329,"stop":1730066089329,"duration":0}},{"uid":"a4903f785ed9bf2f","reportUrl":"https://DyatlovaTatyana.github.io/DiplomD/26//#testresult/a4903f785ed9bf2f","status":"broken","statusDetails":"selenium.common.exceptions.TimeoutException: Message: Can't find element by locator ('xpath', '//div[@class=\"childWrapper_f90abb childWrapperNoHoverBg_f90abb acronym_f90abb\"]')\nStacktrace:\n#0 0x556f944910aa <unknown>\n#1 0x556f93fa81a0 <unknown>\n#2 0x556f93ff4d06 <unknown>\n#3 0x556f93ff4fa1 <unknown>\n#4 0x556f9403a344 <unknown>\n#5 0x556f94018dad <unknown>\n#6 0x556f94037866 <unknown>\n#7 0x556f94018b23 <unknown>\n#8 0x556f93fe7990 <unknown>\n#9 0x556f93fe896e <unknown>\n#10 0x556f9445d16b <unknown>\n#11 0x556f94460f68 <unknown>\n#12 0x556f9444a64c <unknown>\n#13 0x556f94461ae7 <unknown>\n#14 0x556f9442f4af <unknown>\n#15 0x556f9447f4f8 <unknown>\n#16 0x556f9447f6c0 <unknown>\n#17 0x556f9448ff26 <unknown>\n#18 0x7fe90f494ac3 <unknown>","time":{"start":1730064628465,"stop":1730064628465,"duration":0}},{"uid":"4a764af5816b8b9d","reportUrl":"https://DyatlovaTatyana.github.io/DiplomD/25//#testresult/4a764af5816b8b9d","status":"broken","statusDetails":"selenium.common.exceptions.TimeoutException: Message: Can't find element by locator ('xpath', '//div[@class=\"childWrapper_f90abb childWrapperNoHoverBg_f90abb acronym_f90abb\"]')\nStacktrace:\n#0 0x561a0c4bf0aa <unknown>\n#1 0x561a0bfd61a0 <unknown>\n#2 0x561a0c022d06 <unknown>\n#3 0x561a0c022fa1 <unknown>\n#4 0x561a0c068344 <unknown>\n#5 0x561a0c046dad <unknown>\n#6 0x561a0c065866 <unknown>\n#7 0x561a0c046b23 <unknown>\n#8 0x561a0c015990 <unknown>\n#9 0x561a0c01696e <unknown>\n#10 0x561a0c48b16b <unknown>\n#11 0x561a0c48ef68 <unknown>\n#12 0x561a0c47864c <unknown>\n#13 0x561a0c48fae7 <unknown>\n#14 0x561a0c45d4af <unknown>\n#15 0x561a0c4ad4f8 <unknown>\n#16 0x561a0c4ad6c0 <unknown>\n#17 0x561a0c4bdf26 <unknown>\n#18 0x7f67bce94ac3 <unknown>","time":{"start":1730064334105,"stop":1730064334105,"duration":0}}]},"tags":["@pytest.mark.usefixtures('init_driver', 'base_url')"]},"source":"d43cb3cf81e522e.json","parameterValues":[]}