{"uid":"75e8131921be08aa","name":"test_add_reacrion","fullName":"tests_all.TestMessage#test_add_reacrion","historyId":"1044f478aac7a4975b83442cc342fb86","time":{"start":1730066114312,"stop":1730066114312,"duration":0},"status":"broken","statusMessage":"selenium.common.exceptions.TimeoutException: Message: Can't find element by locator ('xpath', '//div[@class=\"childWrapper_f90abb childWrapperNoHoverBg_f90abb acronym_f90abb\"]')\nStacktrace:\n#0 0x5579b64e80aa <unknown>\n#1 0x5579b5fff1a0 <unknown>\n#2 0x5579b604bd06 <unknown>\n#3 0x5579b604bfa1 <unknown>\n#4 0x5579b6091344 <unknown>\n#5 0x5579b606fdad <unknown>\n#6 0x5579b608e866 <unknown>\n#7 0x5579b606fb23 <unknown>\n#8 0x5579b603e990 <unknown>\n#9 0x5579b603f96e <unknown>\n#10 0x5579b64b416b <unknown>\n#11 0x5579b64b7f68 <unknown>\n#12 0x5579b64a164c <unknown>\n#13 0x5579b64b8ae7 <unknown>\n#14 0x5579b64864af <unknown>\n#15 0x5579b64d64f8 <unknown>\n#16 0x5579b64d66c0 <unknown>\n#17 0x5579b64e6f26 <unknown>\n#18 0x7f9ef6a94ac3 <unknown>","statusTrace":"request = <SubRequest 'init_driver' for <Function test_send_message>>\n\n    @pytest.fixture(scope=\"class\")\n    def init_driver(request):\n        #Инициализация драйвера\n        # options = webdriver.ChromeOptions()\n        # options.add_argument('--headless')\n        # driver = webdriver.Chrome(options=options)\n        driver = webdriver.Chrome()\n        driver.implicitly_wait(10)\n        driver.maximize_window()\n        request.cls.driver = driver\n        #Добавила блок с входом, чтобы не повторять его постоянно в тестах\n    \n        # Инициализация страницы\n        login_page = LoginPage(driver)\n        home_page = HomePage(driver)\n        base_page = BasePage(driver)\n    \n        # Открытие страницы\n        base_page.open_page()\n        time.sleep(5)\n        # login_page.open_login_page()\n    \n        # Логинимся\n        login_page.login_user()\n        time.sleep(5)\n    \n        print(driver.current_url)\n        # assert driver.current_url == 'https://discord.com/channels/@me'\n>       home_page.clic_to_server_diplom()\n\nconftest.py:36: \n_ _ _ _ _ _ _ _ _ _ _ _ _ _ _ _ _ _ _ _ _ _ _ _ _ _ _ _ _ _ _ _ _ _ _ _ _ _ _ _ \nhome_page.py:107: in clic_to_server_diplom\n    self.hover(self.server_diplom_locator())\nbase_page.py:21: in hover\n    element = self.find_element(locator)\nbase_page.py:13: in find_element\n    return WebDriverWait(self.driver, time).until(EC.presence_of_element_located(locator),\n_ _ _ _ _ _ _ _ _ _ _ _ _ _ _ _ _ _ _ _ _ _ _ _ _ _ _ _ _ _ _ _ _ _ _ _ _ _ _ _ \n\nself = <selenium.webdriver.support.wait.WebDriverWait (session=\"f394d23cca478612bd562f4ba216fe57\")>\nmethod = <function presence_of_element_located.<locals>._predicate at 0x7fdc702ea5f0>\nmessage = 'Can\\'t find element by locator (\\'xpath\\', \\'//div[@class=\"childWrapper_f90abb childWrapperNoHoverBg_f90abb acronym_f90abb\"]\\')'\n\n    def until(self, method: Callable[[D], Union[Literal[False], T]], message: str = \"\") -> T:\n        \"\"\"Calls the method provided with the driver as an argument until the \\\n        return value does not evaluate to ``False``.\n    \n        :param method: callable(WebDriver)\n        :param message: optional message for :exc:`TimeoutException`\n        :returns: the result of the last call to `method`\n        :raises: :exc:`selenium.common.exceptions.TimeoutException` if timeout occurs\n        \"\"\"\n        screen = None\n        stacktrace = None\n    \n        end_time = time.monotonic() + self._timeout\n        while True:\n            try:\n                value = method(self._driver)\n                if value:\n                    return value\n            except self._ignored_exceptions as exc:\n                screen = getattr(exc, \"screen\", None)\n                stacktrace = getattr(exc, \"stacktrace\", None)\n            time.sleep(self._poll)\n            if time.monotonic() > end_time:\n                break\n>       raise TimeoutException(message, screen, stacktrace)\nE       selenium.common.exceptions.TimeoutException: Message: Can't find element by locator ('xpath', '//div[@class=\"childWrapper_f90abb childWrapperNoHoverBg_f90abb acronym_f90abb\"]')\nE       Stacktrace:\nE       #0 0x5579b64e80aa <unknown>\nE       #1 0x5579b5fff1a0 <unknown>\nE       #2 0x5579b604bd06 <unknown>\nE       #3 0x5579b604bfa1 <unknown>\nE       #4 0x5579b6091344 <unknown>\nE       #5 0x5579b606fdad <unknown>\nE       #6 0x5579b608e866 <unknown>\nE       #7 0x5579b606fb23 <unknown>\nE       #8 0x5579b603e990 <unknown>\nE       #9 0x5579b603f96e <unknown>\nE       #10 0x5579b64b416b <unknown>\nE       #11 0x5579b64b7f68 <unknown>\nE       #12 0x5579b64a164c <unknown>\nE       #13 0x5579b64b8ae7 <unknown>\nE       #14 0x5579b64864af <unknown>\nE       #15 0x5579b64d64f8 <unknown>\nE       #16 0x5579b64d66c0 <unknown>\nE       #17 0x5579b64e6f26 <unknown>\nE       #18 0x7f9ef6a94ac3 <unknown>\n\n/opt/hostedtoolcache/Python/3.10.15/x64/lib/python3.10/site-packages/selenium/webdriver/support/wait.py:105: TimeoutException","flaky":false,"newFailed":false,"newBroken":false,"newPassed":false,"retriesCount":0,"retriesStatusChange":false,"beforeStages":[{"name":"init_driver","time":{"start":1730066089330,"stop":1730066114233,"duration":24903},"status":"broken","statusMessage":"selenium.common.exceptions.TimeoutException: Message: Can't find element by locator ('xpath', '//div[@class=\"childWrapper_f90abb childWrapperNoHoverBg_f90abb acronym_f90abb\"]')\nStacktrace:\n#0 0x5579b64e80aa <unknown>\n#1 0x5579b5fff1a0 <unknown>\n#2 0x5579b604bd06 <unknown>\n#3 0x5579b604bfa1 <unknown>\n#4 0x5579b6091344 <unknown>\n#5 0x5579b606fdad <unknown>\n#6 0x5579b608e866 <unknown>\n#7 0x5579b606fb23 <unknown>\n#8 0x5579b603e990 <unknown>\n#9 0x5579b603f96e <unknown>\n#10 0x5579b64b416b <unknown>\n#11 0x5579b64b7f68 <unknown>\n#12 0x5579b64a164c <unknown>\n#13 0x5579b64b8ae7 <unknown>\n#14 0x5579b64864af <unknown>\n#15 0x5579b64d64f8 <unknown>\n#16 0x5579b64d66c0 <unknown>\n#17 0x5579b64e6f26 <unknown>\n#18 0x7f9ef6a94ac3 <unknown>\n\n","statusTrace":"  File \"/opt/hostedtoolcache/Python/3.10.15/x64/lib/python3.10/site-packages/pluggy/_callers.py\", line 167, in _multicall\n    teardown.throw(outcome._exception)\n  File \"/opt/hostedtoolcache/Python/3.10.15/x64/lib/python3.10/site-packages/_pytest/setuponly.py\", line 36, in pytest_fixture_setup\n    return (yield)\n  File \"/opt/hostedtoolcache/Python/3.10.15/x64/lib/python3.10/site-packages/pluggy/_callers.py\", line 103, in _multicall\n    res = hook_impl.function(*args)\n  File \"/opt/hostedtoolcache/Python/3.10.15/x64/lib/python3.10/site-packages/_pytest/fixtures.py\", line 1140, in pytest_fixture_setup\n    result = call_fixture_func(fixturefunc, request, kwargs)\n  File \"/opt/hostedtoolcache/Python/3.10.15/x64/lib/python3.10/site-packages/_pytest/fixtures.py\", line 891, in call_fixture_func\n    fixture_result = next(generator)\n  File \"/home/runner/work/DiplomD/DiplomD/conftest.py\", line 36, in init_driver\n    home_page.clic_to_server_diplom()\n  File \"/home/runner/work/DiplomD/DiplomD/home_page.py\", line 107, in clic_to_server_diplom\n    self.hover(self.server_diplom_locator())\n  File \"/home/runner/work/DiplomD/DiplomD/base_page.py\", line 21, in hover\n    element = self.find_element(locator)\n  File \"/home/runner/work/DiplomD/DiplomD/base_page.py\", line 13, in find_element\n    return WebDriverWait(self.driver, time).until(EC.presence_of_element_located(locator),\n  File \"/opt/hostedtoolcache/Python/3.10.15/x64/lib/python3.10/site-packages/selenium/webdriver/support/wait.py\", line 105, in until\n    raise TimeoutException(message, screen, stacktrace)\n","steps":[],"attachments":[],"parameters":[],"shouldDisplayMessage":true,"stepsCount":0,"attachmentsCount":0,"hasContent":true}],"afterStages":[],"labels":[{"name":"tag","value":"@pytest.mark.usefixtures('init_driver', 'base_url')"},{"name":"suite","value":"tests_all"},{"name":"subSuite","value":"TestMessage"},{"name":"host","value":"fv-az1771-323"},{"name":"thread","value":"2204-MainThread"},{"name":"framework","value":"pytest"},{"name":"language","value":"cpython3"},{"name":"package","value":"tests_all"},{"name":"resultFormat","value":"allure2"}],"parameters":[],"links":[],"hidden":false,"retry":false,"extra":{"severity":"normal","retries":[],"categories":[{"name":"Test defects","matchedStatuses":[],"flaky":false}],"history":{"statistic":{"failed":0,"broken":3,"skipped":0,"passed":0,"unknown":0,"total":3},"items":[{"uid":"a6b1bb056090840c","reportUrl":"https://DyatlovaTatyana.github.io/DiplomD/26//#testresult/a6b1bb056090840c","status":"broken","statusDetails":"selenium.common.exceptions.TimeoutException: Message: Can't find element by locator ('xpath', '//div[@class=\"childWrapper_f90abb childWrapperNoHoverBg_f90abb acronym_f90abb\"]')\nStacktrace:\n#0 0x556f944910aa <unknown>\n#1 0x556f93fa81a0 <unknown>\n#2 0x556f93ff4d06 <unknown>\n#3 0x556f93ff4fa1 <unknown>\n#4 0x556f9403a344 <unknown>\n#5 0x556f94018dad <unknown>\n#6 0x556f94037866 <unknown>\n#7 0x556f94018b23 <unknown>\n#8 0x556f93fe7990 <unknown>\n#9 0x556f93fe896e <unknown>\n#10 0x556f9445d16b <unknown>\n#11 0x556f94460f68 <unknown>\n#12 0x556f9444a64c <unknown>\n#13 0x556f94461ae7 <unknown>\n#14 0x556f9442f4af <unknown>\n#15 0x556f9447f4f8 <unknown>\n#16 0x556f9447f6c0 <unknown>\n#17 0x556f9448ff26 <unknown>\n#18 0x7fe90f494ac3 <unknown>","time":{"start":1730064647479,"stop":1730064647479,"duration":0}},{"uid":"bb78681c1347d5c9","reportUrl":"https://DyatlovaTatyana.github.io/DiplomD/25//#testresult/bb78681c1347d5c9","status":"broken","statusDetails":"selenium.common.exceptions.TimeoutException: Message: Can't find element by locator ('xpath', '//div[@class=\"childWrapper_f90abb childWrapperNoHoverBg_f90abb acronym_f90abb\"]')\nStacktrace:\n#0 0x561a0c4bf0aa <unknown>\n#1 0x561a0bfd61a0 <unknown>\n#2 0x561a0c022d06 <unknown>\n#3 0x561a0c022fa1 <unknown>\n#4 0x561a0c068344 <unknown>\n#5 0x561a0c046dad <unknown>\n#6 0x561a0c065866 <unknown>\n#7 0x561a0c046b23 <unknown>\n#8 0x561a0c015990 <unknown>\n#9 0x561a0c01696e <unknown>\n#10 0x561a0c48b16b <unknown>\n#11 0x561a0c48ef68 <unknown>\n#12 0x561a0c47864c <unknown>\n#13 0x561a0c48fae7 <unknown>\n#14 0x561a0c45d4af <unknown>\n#15 0x561a0c4ad4f8 <unknown>\n#16 0x561a0c4ad6c0 <unknown>\n#17 0x561a0c4bdf26 <unknown>\n#18 0x7f67bce94ac3 <unknown>","time":{"start":1730064354136,"stop":1730064354136,"duration":0}}]},"tags":["@pytest.mark.usefixtures('init_driver', 'base_url')"]},"source":"75e8131921be08aa.json","parameterValues":[]}