{"uid":"505101e058abb2d1","name":"test_send_message","fullName":"tests_all.TestMessage#test_send_message","historyId":"b2633d5b7c05ed8dabea7e52ac69d41f","time":{"start":1730057691958,"stop":1730057691958,"duration":0},"status":"broken","statusMessage":"selenium.common.exceptions.TimeoutException: Message: Can't find element by locator ('xpath', '//div[text()=\"СерверДилом\"]')\nStacktrace:\n#0 0x559f2e0520aa <unknown>\n#1 0x559f2db691a0 <unknown>\n#2 0x559f2dbb5d06 <unknown>\n#3 0x559f2dbb5fa1 <unknown>\n#4 0x559f2dbfb344 <unknown>\n#5 0x559f2dbd9dad <unknown>\n#6 0x559f2dbf8866 <unknown>\n#7 0x559f2dbd9b23 <unknown>\n#8 0x559f2dba8990 <unknown>\n#9 0x559f2dba996e <unknown>\n#10 0x559f2e01e16b <unknown>\n#11 0x559f2e021f68 <unknown>\n#12 0x559f2e00b64c <unknown>\n#13 0x559f2e022ae7 <unknown>\n#14 0x559f2dff04af <unknown>\n#15 0x559f2e0404f8 <unknown>\n#16 0x559f2e0406c0 <unknown>\n#17 0x559f2e050f26 <unknown>\n#18 0x7fb4df894ac3 <unknown>","statusTrace":"request = <SubRequest 'init_driver' for <Function test_send_message>>\n\n    @pytest.fixture(scope=\"class\")\n    def init_driver(request):\n        # Инициализация драйвера\n        options = webdriver.ChromeOptions()\n        options.add_argument('--headless')\n        driver = webdriver.Chrome(options=options)\n        # driver = webdriver.Chrome()\n        driver.implicitly_wait(10)\n        driver.maximize_window()\n        request.cls.driver = driver\n        #Добавила блок с входом, чтобы не повторять его постоянно в тестах\n    \n        # Инициализация страницы\n        login_page = LoginPage(driver)\n        home_page = HomePage(driver)\n        base_page = BasePage(driver)\n    \n        # Открытие страницы\n        base_page.open_page()\n        time.sleep(5)\n        # login_page.open_login_page()\n    \n        # Логинимся\n        login_page.login_user()\n    \n        # Заходим на сервер диплом\n>       home_page.clic_to_server_diplow()\n\nconftest.py:34: \n_ _ _ _ _ _ _ _ _ _ _ _ _ _ _ _ _ _ _ _ _ _ _ _ _ _ _ _ _ _ _ _ _ _ _ _ _ _ _ _ \nhome_page.py:106: in clic_to_server_diplow\n    self.find_element(self.server_diplom_locator())\nbase_page.py:13: in find_element\n    return WebDriverWait(self.driver, time).until(EC.presence_of_element_located(locator),\n_ _ _ _ _ _ _ _ _ _ _ _ _ _ _ _ _ _ _ _ _ _ _ _ _ _ _ _ _ _ _ _ _ _ _ _ _ _ _ _ \n\nself = <selenium.webdriver.support.wait.WebDriverWait (session=\"c2ceeea8d7df2785b3eac66ef45a0d09\")>\nmethod = <function presence_of_element_located.<locals>._predicate at 0x7f1da7bee680>\nmessage = 'Can\\'t find element by locator (\\'xpath\\', \\'//div[text()=\"СерверДилом\"]\\')'\n\n    def until(self, method: Callable[[D], Union[Literal[False], T]], message: str = \"\") -> T:\n        \"\"\"Calls the method provided with the driver as an argument until the \\\n        return value does not evaluate to ``False``.\n    \n        :param method: callable(WebDriver)\n        :param message: optional message for :exc:`TimeoutException`\n        :returns: the result of the last call to `method`\n        :raises: :exc:`selenium.common.exceptions.TimeoutException` if timeout occurs\n        \"\"\"\n        screen = None\n        stacktrace = None\n    \n        end_time = time.monotonic() + self._timeout\n        while True:\n            try:\n                value = method(self._driver)\n                if value:\n                    return value\n            except self._ignored_exceptions as exc:\n                screen = getattr(exc, \"screen\", None)\n                stacktrace = getattr(exc, \"stacktrace\", None)\n            time.sleep(self._poll)\n            if time.monotonic() > end_time:\n                break\n>       raise TimeoutException(message, screen, stacktrace)\nE       selenium.common.exceptions.TimeoutException: Message: Can't find element by locator ('xpath', '//div[text()=\"СерверДилом\"]')\nE       Stacktrace:\nE       #0 0x559f2e0520aa <unknown>\nE       #1 0x559f2db691a0 <unknown>\nE       #2 0x559f2dbb5d06 <unknown>\nE       #3 0x559f2dbb5fa1 <unknown>\nE       #4 0x559f2dbfb344 <unknown>\nE       #5 0x559f2dbd9dad <unknown>\nE       #6 0x559f2dbf8866 <unknown>\nE       #7 0x559f2dbd9b23 <unknown>\nE       #8 0x559f2dba8990 <unknown>\nE       #9 0x559f2dba996e <unknown>\nE       #10 0x559f2e01e16b <unknown>\nE       #11 0x559f2e021f68 <unknown>\nE       #12 0x559f2e00b64c <unknown>\nE       #13 0x559f2e022ae7 <unknown>\nE       #14 0x559f2dff04af <unknown>\nE       #15 0x559f2e0404f8 <unknown>\nE       #16 0x559f2e0406c0 <unknown>\nE       #17 0x559f2e050f26 <unknown>\nE       #18 0x7fb4df894ac3 <unknown>\n\n/opt/hostedtoolcache/Python/3.10.15/x64/lib/python3.10/site-packages/selenium/webdriver/support/wait.py:105: TimeoutException","flaky":false,"newFailed":false,"newBroken":false,"newPassed":false,"retriesCount":0,"retriesStatusChange":false,"beforeStages":[{"name":"init_driver","time":{"start":1730057691958,"stop":1730057721855,"duration":29897},"status":"broken","statusMessage":"selenium.common.exceptions.TimeoutException: Message: Can't find element by locator ('xpath', '//div[text()=\"СерверДилом\"]')\nStacktrace:\n#0 0x559f2e0520aa <unknown>\n#1 0x559f2db691a0 <unknown>\n#2 0x559f2dbb5d06 <unknown>\n#3 0x559f2dbb5fa1 <unknown>\n#4 0x559f2dbfb344 <unknown>\n#5 0x559f2dbd9dad <unknown>\n#6 0x559f2dbf8866 <unknown>\n#7 0x559f2dbd9b23 <unknown>\n#8 0x559f2dba8990 <unknown>\n#9 0x559f2dba996e <unknown>\n#10 0x559f2e01e16b <unknown>\n#11 0x559f2e021f68 <unknown>\n#12 0x559f2e00b64c <unknown>\n#13 0x559f2e022ae7 <unknown>\n#14 0x559f2dff04af <unknown>\n#15 0x559f2e0404f8 <unknown>\n#16 0x559f2e0406c0 <unknown>\n#17 0x559f2e050f26 <unknown>\n#18 0x7fb4df894ac3 <unknown>\n\n","statusTrace":"  File \"/opt/hostedtoolcache/Python/3.10.15/x64/lib/python3.10/site-packages/pluggy/_callers.py\", line 167, in _multicall\n    teardown.throw(outcome._exception)\n  File \"/opt/hostedtoolcache/Python/3.10.15/x64/lib/python3.10/site-packages/_pytest/setuponly.py\", line 36, in pytest_fixture_setup\n    return (yield)\n  File \"/opt/hostedtoolcache/Python/3.10.15/x64/lib/python3.10/site-packages/pluggy/_callers.py\", line 103, in _multicall\n    res = hook_impl.function(*args)\n  File \"/opt/hostedtoolcache/Python/3.10.15/x64/lib/python3.10/site-packages/_pytest/fixtures.py\", line 1140, in pytest_fixture_setup\n    result = call_fixture_func(fixturefunc, request, kwargs)\n  File \"/opt/hostedtoolcache/Python/3.10.15/x64/lib/python3.10/site-packages/_pytest/fixtures.py\", line 891, in call_fixture_func\n    fixture_result = next(generator)\n  File \"/home/runner/work/DiplomD/DiplomD/conftest.py\", line 34, in init_driver\n    home_page.clic_to_server_diplow()\n  File \"/home/runner/work/DiplomD/DiplomD/home_page.py\", line 106, in clic_to_server_diplow\n    self.find_element(self.server_diplom_locator())\n  File \"/home/runner/work/DiplomD/DiplomD/base_page.py\", line 13, in find_element\n    return WebDriverWait(self.driver, time).until(EC.presence_of_element_located(locator),\n  File \"/opt/hostedtoolcache/Python/3.10.15/x64/lib/python3.10/site-packages/selenium/webdriver/support/wait.py\", line 105, in until\n    raise TimeoutException(message, screen, stacktrace)\n","steps":[],"attachments":[],"parameters":[],"shouldDisplayMessage":true,"stepsCount":0,"attachmentsCount":0,"hasContent":true}],"afterStages":[],"labels":[{"name":"tag","value":"@pytest.mark.usefixtures('init_driver', 'base_url')"},{"name":"suite","value":"tests_all"},{"name":"subSuite","value":"TestMessage"},{"name":"host","value":"fv-az520-282"},{"name":"thread","value":"2226-MainThread"},{"name":"framework","value":"pytest"},{"name":"language","value":"cpython3"},{"name":"package","value":"tests_all"},{"name":"resultFormat","value":"allure2"}],"parameters":[],"links":[],"hidden":false,"retry":false,"extra":{"severity":"normal","retries":[],"categories":[{"name":"Test defects","matchedStatuses":[],"flaky":false}],"tags":["@pytest.mark.usefixtures('init_driver', 'base_url')"]},"source":"505101e058abb2d1.json","parameterValues":[]}