{"uid":"1abb37a9aaff7faa","name":"test_edit_message","fullName":"test_all.TestMessage#test_edit_message","historyId":"a40417855b120692f492650366004423","time":{"start":1730228771354,"stop":1730228781920,"duration":10566},"status":"broken","statusMessage":"selenium.common.exceptions.TimeoutException: Message: Can't find element by locator ('xpath', '//div[@aria-roledescription=\"Сообщение\"]')\nStacktrace:\n#0 0x55e6768050aa <unknown>\n#1 0x55e67631c1a0 <unknown>\n#2 0x55e676368d06 <unknown>\n#3 0x55e676368fa1 <unknown>\n#4 0x55e6763ae344 <unknown>\n#5 0x55e67638cdad <unknown>\n#6 0x55e6763ab866 <unknown>\n#7 0x55e67638cb23 <unknown>\n#8 0x55e67635b990 <unknown>\n#9 0x55e67635c96e <unknown>\n#10 0x55e6767d116b <unknown>\n#11 0x55e6767d4f68 <unknown>\n#12 0x55e6767be64c <unknown>\n#13 0x55e6767d5ae7 <unknown>\n#14 0x55e6767a34af <unknown>\n#15 0x55e6767f34f8 <unknown>\n#16 0x55e6767f36c0 <unknown>\n#17 0x55e676803f26 <unknown>\n#18 0x7f7060e94ac3 <unknown>","statusTrace":"self = <test_all.TestMessage object at 0x7f6b88e7acb0>\nbase_url = 'https://discord.com/login'\n\n    def test_edit_message(self,base_url):\n        # Инициализация страницы\n        home_page = HomePage(self.driver)\n    \n        #Нажимаем редактировать сообщение\n>       home_page.edit_message()\n\ntest_all.py:73: \n_ _ _ _ _ _ _ _ _ _ _ _ _ _ _ _ _ _ _ _ _ _ _ _ _ _ _ _ _ _ _ _ _ _ _ _ _ _ _ _ \nhome_page.py:81: in edit_message\n    self.hover(self.form_message_locator())\nbase_page.py:21: in hover\n    element = self.find_element(locator)\nbase_page.py:13: in find_element\n    return WebDriverWait(self.driver, time).until(EC.presence_of_element_located(locator),\n_ _ _ _ _ _ _ _ _ _ _ _ _ _ _ _ _ _ _ _ _ _ _ _ _ _ _ _ _ _ _ _ _ _ _ _ _ _ _ _ \n\nself = <selenium.webdriver.support.wait.WebDriverWait (session=\"0d9576e08b2f3d9d5ae8bbe58cedb511\")>\nmethod = <function presence_of_element_located.<locals>._predicate at 0x7f6b88cf9cf0>\nmessage = 'Can\\'t find element by locator (\\'xpath\\', \\'//div[@aria-roledescription=\"Сообщение\"]\\')'\n\n    def until(self, method: Callable[[D], Union[Literal[False], T]], message: str = \"\") -> T:\n        \"\"\"Calls the method provided with the driver as an argument until the \\\n        return value does not evaluate to ``False``.\n    \n        :param method: callable(WebDriver)\n        :param message: optional message for :exc:`TimeoutException`\n        :returns: the result of the last call to `method`\n        :raises: :exc:`selenium.common.exceptions.TimeoutException` if timeout occurs\n        \"\"\"\n        screen = None\n        stacktrace = None\n    \n        end_time = time.monotonic() + self._timeout\n        while True:\n            try:\n                value = method(self._driver)\n                if value:\n                    return value\n            except self._ignored_exceptions as exc:\n                screen = getattr(exc, \"screen\", None)\n                stacktrace = getattr(exc, \"stacktrace\", None)\n            time.sleep(self._poll)\n            if time.monotonic() > end_time:\n                break\n>       raise TimeoutException(message, screen, stacktrace)\nE       selenium.common.exceptions.TimeoutException: Message: Can't find element by locator ('xpath', '//div[@aria-roledescription=\"Сообщение\"]')\nE       Stacktrace:\nE       #0 0x55e6768050aa <unknown>\nE       #1 0x55e67631c1a0 <unknown>\nE       #2 0x55e676368d06 <unknown>\nE       #3 0x55e676368fa1 <unknown>\nE       #4 0x55e6763ae344 <unknown>\nE       #5 0x55e67638cdad <unknown>\nE       #6 0x55e6763ab866 <unknown>\nE       #7 0x55e67638cb23 <unknown>\nE       #8 0x55e67635b990 <unknown>\nE       #9 0x55e67635c96e <unknown>\nE       #10 0x55e6767d116b <unknown>\nE       #11 0x55e6767d4f68 <unknown>\nE       #12 0x55e6767be64c <unknown>\nE       #13 0x55e6767d5ae7 <unknown>\nE       #14 0x55e6767a34af <unknown>\nE       #15 0x55e6767f34f8 <unknown>\nE       #16 0x55e6767f36c0 <unknown>\nE       #17 0x55e676803f26 <unknown>\nE       #18 0x7f7060e94ac3 <unknown>\n\n/opt/hostedtoolcache/Python/3.10.15/x64/lib/python3.10/site-packages/selenium/webdriver/support/wait.py:105: TimeoutException","flaky":false,"newFailed":false,"newBroken":false,"newPassed":false,"retriesCount":0,"retriesStatusChange":false,"beforeStages":[{"name":"init_driver","time":{"start":1730228708198,"stop":1730228735242,"duration":27044},"status":"passed","steps":[],"attachments":[],"parameters":[],"shouldDisplayMessage":false,"stepsCount":0,"attachmentsCount":0,"hasContent":false},{"name":"base_url","time":{"start":1730228735242,"stop":1730228735242,"duration":0},"status":"passed","steps":[],"attachments":[],"parameters":[],"shouldDisplayMessage":false,"stepsCount":0,"attachmentsCount":0,"hasContent":false}],"afterStages":[{"name":"init_driver::0","time":{"start":1730228845249,"stop":1730228845350,"duration":101},"status":"passed","steps":[],"attachments":[],"parameters":[],"shouldDisplayMessage":false,"stepsCount":0,"attachmentsCount":0,"hasContent":false}],"labels":[{"name":"tag","value":"@pytest.mark.usefixtures('init_driver', 'base_url')"},{"name":"suite","value":"test_all"},{"name":"subSuite","value":"TestMessage"},{"name":"host","value":"fv-az1113-88"},{"name":"thread","value":"2284-MainThread"},{"name":"framework","value":"pytest"},{"name":"language","value":"cpython3"},{"name":"package","value":"test_all"},{"name":"resultFormat","value":"allure2"}],"parameters":[],"links":[],"hidden":false,"retry":false,"extra":{"severity":"normal","retries":[],"categories":[{"name":"Test defects","matchedStatuses":[],"flaky":false}],"history":{"statistic":{"failed":0,"broken":3,"skipped":0,"passed":0,"unknown":0,"total":3},"items":[{"uid":"79b6a4d47d17667","reportUrl":"https://DyatlovaTatyana.github.io/DiplomFront/48//#testresult/79b6a4d47d17667","status":"broken","statusDetails":"selenium.common.exceptions.TimeoutException: Message: Can't find element by locator ('xpath', '//div[@aria-roledescription=\"Сообщение\"]')\nStacktrace:\n#0 0x562f6e0770aa <unknown>\n#1 0x562f6db8e1a0 <unknown>\n#2 0x562f6dbdad06 <unknown>\n#3 0x562f6dbdafa1 <unknown>\n#4 0x562f6dc20344 <unknown>\n#5 0x562f6dbfedad <unknown>\n#6 0x562f6dc1d866 <unknown>\n#7 0x562f6dbfeb23 <unknown>\n#8 0x562f6dbcd990 <unknown>\n#9 0x562f6dbce96e <unknown>\n#10 0x562f6e04316b <unknown>\n#11 0x562f6e046f68 <unknown>\n#12 0x562f6e03064c <unknown>\n#13 0x562f6e047ae7 <unknown>\n#14 0x562f6e0154af <unknown>\n#15 0x562f6e0654f8 <unknown>\n#16 0x562f6e0656c0 <unknown>\n#17 0x562f6e075f26 <unknown>\n#18 0x7f928ee94ac3 <unknown>","time":{"start":1730222554960,"stop":1730222565513,"duration":10553}},{"uid":"62c2c8e5aaacdf2f","reportUrl":"https://DyatlovaTatyana.github.io/DiplomFront/47//#testresult/62c2c8e5aaacdf2f","status":"broken","statusDetails":"selenium.common.exceptions.TimeoutException: Message: Can't find element by locator ('xpath', '//div[@aria-roledescription=\"Сообщение\"]')\nStacktrace:\n#0 0x55b146b920aa <unknown>\n#1 0x55b1466a91a0 <unknown>\n#2 0x55b1466f5d06 <unknown>\n#3 0x55b1466f5fa1 <unknown>\n#4 0x55b14673b344 <unknown>\n#5 0x55b146719dad <unknown>\n#6 0x55b146738866 <unknown>\n#7 0x55b146719b23 <unknown>\n#8 0x55b1466e8990 <unknown>\n#9 0x55b1466e996e <unknown>\n#10 0x55b146b5e16b <unknown>\n#11 0x55b146b61f68 <unknown>\n#12 0x55b146b4b64c <unknown>\n#13 0x55b146b62ae7 <unknown>\n#14 0x55b146b304af <unknown>\n#15 0x55b146b804f8 <unknown>\n#16 0x55b146b806c0 <unknown>\n#17 0x55b146b90f26 <unknown>\n#18 0x7f52c6a94ac3 <unknown>","time":{"start":1730188818380,"stop":1730188828928,"duration":10548}}]},"tags":["@pytest.mark.usefixtures('init_driver', 'base_url')"]},"source":"1abb37a9aaff7faa.json","parameterValues":[]}