{"uid":"805f304ede672169","name":"test_delete_message","fullName":"tests_all.TestMessage#test_delete_message","historyId":"c53729eb3de8657a205071d053794697","time":{"start":1730060940787,"stop":1730060940787,"duration":0},"status":"broken","statusMessage":"selenium.common.exceptions.TimeoutException: Message: Can't find element by locator ('xpath', '//div[@class=\"listItem_c96c45\"]//div[@class=\"blobContainer_a5ad63 selected_a5ad63\"]')\nStacktrace:\n#0 0x55e2ed9c90aa <unknown>\n#1 0x55e2ed4e01a0 <unknown>\n#2 0x55e2ed52cd06 <unknown>\n#3 0x55e2ed52cfa1 <unknown>\n#4 0x55e2ed572344 <unknown>\n#5 0x55e2ed550dad <unknown>\n#6 0x55e2ed56f866 <unknown>\n#7 0x55e2ed550b23 <unknown>\n#8 0x55e2ed51f990 <unknown>\n#9 0x55e2ed52096e <unknown>\n#10 0x55e2ed99516b <unknown>\n#11 0x55e2ed998f68 <unknown>\n#12 0x55e2ed98264c <unknown>\n#13 0x55e2ed999ae7 <unknown>\n#14 0x55e2ed9674af <unknown>\n#15 0x55e2ed9b74f8 <unknown>\n#16 0x55e2ed9b76c0 <unknown>\n#17 0x55e2ed9c7f26 <unknown>\n#18 0x7f7a96894ac3 <unknown>","statusTrace":"request = <SubRequest 'init_driver' for <Function test_send_message>>\n\n    @pytest.fixture(scope=\"class\")\n    def init_driver(request):\n        # Инициализация драйвера\n        options = webdriver.ChromeOptions()\n        options.add_argument('--headless')\n        driver = webdriver.Chrome(options=options)\n        # driver = webdriver.Chrome()\n        driver.implicitly_wait(10)\n        driver.maximize_window()\n        request.cls.driver = driver\n        #Добавила блок с входом, чтобы не повторять его постоянно в тестах\n    \n        # Инициализация страницы\n        login_page = LoginPage(driver)\n        home_page = HomePage(driver)\n        base_page = BasePage(driver)\n    \n        # Открытие страницы\n        base_page.open_page()\n        time.sleep(5)\n        # login_page.open_login_page()\n    \n        # Логинимся\n        login_page.login_user()\n        time.sleep(5)\n    \n        # Заходим на сервер диплом\n>       home_page.clic_to_server_diplow()\n\nconftest.py:35: \n_ _ _ _ _ _ _ _ _ _ _ _ _ _ _ _ _ _ _ _ _ _ _ _ _ _ _ _ _ _ _ _ _ _ _ _ _ _ _ _ \nhome_page.py:107: in clic_to_server_diplow\n    self.click(self.server_diplom_locator())\nbase_page.py:17: in click\n    element = self.find_element(locator, time)\nbase_page.py:13: in find_element\n    return WebDriverWait(self.driver, time).until(EC.presence_of_element_located(locator),\n_ _ _ _ _ _ _ _ _ _ _ _ _ _ _ _ _ _ _ _ _ _ _ _ _ _ _ _ _ _ _ _ _ _ _ _ _ _ _ _ \n\nself = <selenium.webdriver.support.wait.WebDriverWait (session=\"38cb8e22b44b0e0551e4b7ed0922db21\")>\nmethod = <function presence_of_element_located.<locals>._predicate at 0x7efe406ee680>\nmessage = 'Can\\'t find element by locator (\\'xpath\\', \\'//div[@class=\"listItem_c96c45\"]//div[@class=\"blobContainer_a5ad63 selected_a5ad63\"]\\')'\n\n    def until(self, method: Callable[[D], Union[Literal[False], T]], message: str = \"\") -> T:\n        \"\"\"Calls the method provided with the driver as an argument until the \\\n        return value does not evaluate to ``False``.\n    \n        :param method: callable(WebDriver)\n        :param message: optional message for :exc:`TimeoutException`\n        :returns: the result of the last call to `method`\n        :raises: :exc:`selenium.common.exceptions.TimeoutException` if timeout occurs\n        \"\"\"\n        screen = None\n        stacktrace = None\n    \n        end_time = time.monotonic() + self._timeout\n        while True:\n            try:\n                value = method(self._driver)\n                if value:\n                    return value\n            except self._ignored_exceptions as exc:\n                screen = getattr(exc, \"screen\", None)\n                stacktrace = getattr(exc, \"stacktrace\", None)\n            time.sleep(self._poll)\n            if time.monotonic() > end_time:\n                break\n>       raise TimeoutException(message, screen, stacktrace)\nE       selenium.common.exceptions.TimeoutException: Message: Can't find element by locator ('xpath', '//div[@class=\"listItem_c96c45\"]//div[@class=\"blobContainer_a5ad63 selected_a5ad63\"]')\nE       Stacktrace:\nE       #0 0x55e2ed9c90aa <unknown>\nE       #1 0x55e2ed4e01a0 <unknown>\nE       #2 0x55e2ed52cd06 <unknown>\nE       #3 0x55e2ed52cfa1 <unknown>\nE       #4 0x55e2ed572344 <unknown>\nE       #5 0x55e2ed550dad <unknown>\nE       #6 0x55e2ed56f866 <unknown>\nE       #7 0x55e2ed550b23 <unknown>\nE       #8 0x55e2ed51f990 <unknown>\nE       #9 0x55e2ed52096e <unknown>\nE       #10 0x55e2ed99516b <unknown>\nE       #11 0x55e2ed998f68 <unknown>\nE       #12 0x55e2ed98264c <unknown>\nE       #13 0x55e2ed999ae7 <unknown>\nE       #14 0x55e2ed9674af <unknown>\nE       #15 0x55e2ed9b74f8 <unknown>\nE       #16 0x55e2ed9b76c0 <unknown>\nE       #17 0x55e2ed9c7f26 <unknown>\nE       #18 0x7f7a96894ac3 <unknown>\n\n/opt/hostedtoolcache/Python/3.10.15/x64/lib/python3.10/site-packages/selenium/webdriver/support/wait.py:105: TimeoutException","flaky":false,"newFailed":false,"newBroken":false,"newPassed":false,"retriesCount":0,"retriesStatusChange":false,"beforeStages":[{"name":"init_driver","time":{"start":1730060917112,"stop":1730060940670,"duration":23558},"status":"broken","statusMessage":"selenium.common.exceptions.TimeoutException: Message: Can't find element by locator ('xpath', '//div[@class=\"listItem_c96c45\"]//div[@class=\"blobContainer_a5ad63 selected_a5ad63\"]')\nStacktrace:\n#0 0x55e2ed9c90aa <unknown>\n#1 0x55e2ed4e01a0 <unknown>\n#2 0x55e2ed52cd06 <unknown>\n#3 0x55e2ed52cfa1 <unknown>\n#4 0x55e2ed572344 <unknown>\n#5 0x55e2ed550dad <unknown>\n#6 0x55e2ed56f866 <unknown>\n#7 0x55e2ed550b23 <unknown>\n#8 0x55e2ed51f990 <unknown>\n#9 0x55e2ed52096e <unknown>\n#10 0x55e2ed99516b <unknown>\n#11 0x55e2ed998f68 <unknown>\n#12 0x55e2ed98264c <unknown>\n#13 0x55e2ed999ae7 <unknown>\n#14 0x55e2ed9674af <unknown>\n#15 0x55e2ed9b74f8 <unknown>\n#16 0x55e2ed9b76c0 <unknown>\n#17 0x55e2ed9c7f26 <unknown>\n#18 0x7f7a96894ac3 <unknown>\n\n","statusTrace":"  File \"/opt/hostedtoolcache/Python/3.10.15/x64/lib/python3.10/site-packages/pluggy/_callers.py\", line 167, in _multicall\n    teardown.throw(outcome._exception)\n  File \"/opt/hostedtoolcache/Python/3.10.15/x64/lib/python3.10/site-packages/_pytest/setuponly.py\", line 36, in pytest_fixture_setup\n    return (yield)\n  File \"/opt/hostedtoolcache/Python/3.10.15/x64/lib/python3.10/site-packages/pluggy/_callers.py\", line 103, in _multicall\n    res = hook_impl.function(*args)\n  File \"/opt/hostedtoolcache/Python/3.10.15/x64/lib/python3.10/site-packages/_pytest/fixtures.py\", line 1140, in pytest_fixture_setup\n    result = call_fixture_func(fixturefunc, request, kwargs)\n  File \"/opt/hostedtoolcache/Python/3.10.15/x64/lib/python3.10/site-packages/_pytest/fixtures.py\", line 891, in call_fixture_func\n    fixture_result = next(generator)\n  File \"/home/runner/work/DiplomD/DiplomD/conftest.py\", line 35, in init_driver\n    home_page.clic_to_server_diplow()\n  File \"/home/runner/work/DiplomD/DiplomD/home_page.py\", line 107, in clic_to_server_diplow\n    self.click(self.server_diplom_locator())\n  File \"/home/runner/work/DiplomD/DiplomD/base_page.py\", line 17, in click\n    element = self.find_element(locator, time)\n  File \"/home/runner/work/DiplomD/DiplomD/base_page.py\", line 13, in find_element\n    return WebDriverWait(self.driver, time).until(EC.presence_of_element_located(locator),\n  File \"/opt/hostedtoolcache/Python/3.10.15/x64/lib/python3.10/site-packages/selenium/webdriver/support/wait.py\", line 105, in until\n    raise TimeoutException(message, screen, stacktrace)\n","steps":[],"attachments":[],"parameters":[],"shouldDisplayMessage":true,"stepsCount":0,"attachmentsCount":0,"hasContent":true}],"afterStages":[],"labels":[{"name":"tag","value":"@pytest.mark.usefixtures('init_driver', 'base_url')"},{"name":"suite","value":"tests_all"},{"name":"subSuite","value":"TestMessage"},{"name":"host","value":"fv-az1040-940"},{"name":"thread","value":"2231-MainThread"},{"name":"framework","value":"pytest"},{"name":"language","value":"cpython3"},{"name":"package","value":"tests_all"},{"name":"resultFormat","value":"allure2"}],"parameters":[],"links":[],"hidden":false,"retry":false,"extra":{"severity":"normal","retries":[],"categories":[{"name":"Test defects","matchedStatuses":[],"flaky":false}],"history":{"statistic":{"failed":0,"broken":4,"skipped":0,"passed":0,"unknown":0,"total":4},"items":[{"uid":"89c4c1946fcc8583","reportUrl":"https://DyatlovaTatyana.github.io/DiplomD/8//#testresult/89c4c1946fcc8583","status":"broken","statusDetails":"selenium.common.exceptions.TimeoutException: Message: Can't find element by locator ('xpath', '//div[@class=\"listItem_c96c45\"]//div[@class=\"blobContainer_a5ad63 selected_a5ad63\"]')\nStacktrace:\n#0 0x561c8f21b0aa <unknown>\n#1 0x561c8ed321a0 <unknown>\n#2 0x561c8ed7ed06 <unknown>\n#3 0x561c8ed7efa1 <unknown>\n#4 0x561c8edc4344 <unknown>\n#5 0x561c8eda2dad <unknown>\n#6 0x561c8edc1866 <unknown>\n#7 0x561c8eda2b23 <unknown>\n#8 0x561c8ed71990 <unknown>\n#9 0x561c8ed7296e <unknown>\n#10 0x561c8f1e716b <unknown>\n#11 0x561c8f1eaf68 <unknown>\n#12 0x561c8f1d464c <unknown>\n#13 0x561c8f1ebae7 <unknown>\n#14 0x561c8f1b94af <unknown>\n#15 0x561c8f2094f8 <unknown>\n#16 0x561c8f2096c0 <unknown>\n#17 0x561c8f219f26 <unknown>\n#18 0x7f0039a94ac3 <unknown>","time":{"start":1730060894578,"stop":1730060894578,"duration":0}},{"uid":"4c2c3d5addb8aa17","reportUrl":"https://DyatlovaTatyana.github.io/DiplomD/7//#testresult/4c2c3d5addb8aa17","status":"broken","statusDetails":"selenium.common.exceptions.TimeoutException: Message: Can't find element by locator ('xpath', '//div[@class=\"childWrapper_f90abb childWrapperNoHoverBg_f90abb acronym_f90abb\"]')\nStacktrace:\n#0 0x55e575b170aa <unknown>\n#1 0x55e57562e1a0 <unknown>\n#2 0x55e57567ad06 <unknown>\n#3 0x55e57567afa1 <unknown>\n#4 0x55e5756c0344 <unknown>\n#5 0x55e57569edad <unknown>\n#6 0x55e5756bd866 <unknown>\n#7 0x55e57569eb23 <unknown>\n#8 0x55e57566d990 <unknown>\n#9 0x55e57566e96e <unknown>\n#10 0x55e575ae316b <unknown>\n#11 0x55e575ae6f68 <unknown>\n#12 0x55e575ad064c <unknown>\n#13 0x55e575ae7ae7 <unknown>\n#14 0x55e575ab54af <unknown>\n#15 0x55e575b054f8 <unknown>\n#16 0x55e575b056c0 <unknown>\n#17 0x55e575b15f26 <unknown>\n#18 0x7fb01de94ac3 <unknown>","time":{"start":1730060085270,"stop":1730060085270,"duration":0}},{"uid":"fa80231a0cb0b774","reportUrl":"https://DyatlovaTatyana.github.io/DiplomD/6//#testresult/fa80231a0cb0b774","status":"broken","statusDetails":"selenium.common.exceptions.TimeoutException: Message: Can't find element by locator ('xpath', '//div[text()=\"СерверДилом\"]')\nStacktrace:\n#0 0x559f2e0520aa <unknown>\n#1 0x559f2db691a0 <unknown>\n#2 0x559f2dbb5d06 <unknown>\n#3 0x559f2dbb5fa1 <unknown>\n#4 0x559f2dbfb344 <unknown>\n#5 0x559f2dbd9dad <unknown>\n#6 0x559f2dbf8866 <unknown>\n#7 0x559f2dbd9b23 <unknown>\n#8 0x559f2dba8990 <unknown>\n#9 0x559f2dba996e <unknown>\n#10 0x559f2e01e16b <unknown>\n#11 0x559f2e021f68 <unknown>\n#12 0x559f2e00b64c <unknown>\n#13 0x559f2e022ae7 <unknown>\n#14 0x559f2dff04af <unknown>\n#15 0x559f2e0404f8 <unknown>\n#16 0x559f2e0406c0 <unknown>\n#17 0x559f2e050f26 <unknown>\n#18 0x7fb4df894ac3 <unknown>","time":{"start":1730057721985,"stop":1730057721985,"duration":0}}]},"tags":["@pytest.mark.usefixtures('init_driver', 'base_url')"]},"source":"805f304ede672169.json","parameterValues":[]}