{"uid":"62c2c8e5aaacdf2f","name":"test_edit_message","fullName":"test_all.TestMessage#test_edit_message","historyId":"a40417855b120692f492650366004423","time":{"start":1730188818380,"stop":1730188828928,"duration":10548},"status":"broken","statusMessage":"selenium.common.exceptions.TimeoutException: Message: Can't find element by locator ('xpath', '//div[@aria-roledescription=\"Сообщение\"]')\nStacktrace:\n#0 0x55b146b920aa <unknown>\n#1 0x55b1466a91a0 <unknown>\n#2 0x55b1466f5d06 <unknown>\n#3 0x55b1466f5fa1 <unknown>\n#4 0x55b14673b344 <unknown>\n#5 0x55b146719dad <unknown>\n#6 0x55b146738866 <unknown>\n#7 0x55b146719b23 <unknown>\n#8 0x55b1466e8990 <unknown>\n#9 0x55b1466e996e <unknown>\n#10 0x55b146b5e16b <unknown>\n#11 0x55b146b61f68 <unknown>\n#12 0x55b146b4b64c <unknown>\n#13 0x55b146b62ae7 <unknown>\n#14 0x55b146b304af <unknown>\n#15 0x55b146b804f8 <unknown>\n#16 0x55b146b806c0 <unknown>\n#17 0x55b146b90f26 <unknown>\n#18 0x7f52c6a94ac3 <unknown>","statusTrace":"self = <test_all.TestMessage object at 0x7efcb6eb2800>\nbase_url = 'https://discord.com/login'\n\n    def test_edit_message(self,base_url):\n        # Инициализация страницы\n        home_page = HomePage(self.driver)\n    \n        #Нажимаем редактировать сообщение\n>       home_page.edit_message()\n\ntest_all.py:70: \n_ _ _ _ _ _ _ _ _ _ _ _ _ _ _ _ _ _ _ _ _ _ _ _ _ _ _ _ _ _ _ _ _ _ _ _ _ _ _ _ \nhome_page.py:81: in edit_message\n    self.hover(self.form_message_locator())\nbase_page.py:21: in hover\n    element = self.find_element(locator)\nbase_page.py:13: in find_element\n    return WebDriverWait(self.driver, time).until(EC.presence_of_element_located(locator),\n_ _ _ _ _ _ _ _ _ _ _ _ _ _ _ _ _ _ _ _ _ _ _ _ _ _ _ _ _ _ _ _ _ _ _ _ _ _ _ _ \n\nself = <selenium.webdriver.support.wait.WebDriverWait (session=\"7d4ade7ece4ebdf8c4a3fa3c6af4fe1b\")>\nmethod = <function presence_of_element_located.<locals>._predicate at 0x7efcb6d21c60>\nmessage = 'Can\\'t find element by locator (\\'xpath\\', \\'//div[@aria-roledescription=\"Сообщение\"]\\')'\n\n    def until(self, method: Callable[[D], Union[Literal[False], T]], message: str = \"\") -> T:\n        \"\"\"Calls the method provided with the driver as an argument until the \\\n        return value does not evaluate to ``False``.\n    \n        :param method: callable(WebDriver)\n        :param message: optional message for :exc:`TimeoutException`\n        :returns: the result of the last call to `method`\n        :raises: :exc:`selenium.common.exceptions.TimeoutException` if timeout occurs\n        \"\"\"\n        screen = None\n        stacktrace = None\n    \n        end_time = time.monotonic() + self._timeout\n        while True:\n            try:\n                value = method(self._driver)\n                if value:\n                    return value\n            except self._ignored_exceptions as exc:\n                screen = getattr(exc, \"screen\", None)\n                stacktrace = getattr(exc, \"stacktrace\", None)\n            time.sleep(self._poll)\n            if time.monotonic() > end_time:\n                break\n>       raise TimeoutException(message, screen, stacktrace)\nE       selenium.common.exceptions.TimeoutException: Message: Can't find element by locator ('xpath', '//div[@aria-roledescription=\"Сообщение\"]')\nE       Stacktrace:\nE       #0 0x55b146b920aa <unknown>\nE       #1 0x55b1466a91a0 <unknown>\nE       #2 0x55b1466f5d06 <unknown>\nE       #3 0x55b1466f5fa1 <unknown>\nE       #4 0x55b14673b344 <unknown>\nE       #5 0x55b146719dad <unknown>\nE       #6 0x55b146738866 <unknown>\nE       #7 0x55b146719b23 <unknown>\nE       #8 0x55b1466e8990 <unknown>\nE       #9 0x55b1466e996e <unknown>\nE       #10 0x55b146b5e16b <unknown>\nE       #11 0x55b146b61f68 <unknown>\nE       #12 0x55b146b4b64c <unknown>\nE       #13 0x55b146b62ae7 <unknown>\nE       #14 0x55b146b304af <unknown>\nE       #15 0x55b146b804f8 <unknown>\nE       #16 0x55b146b806c0 <unknown>\nE       #17 0x55b146b90f26 <unknown>\nE       #18 0x7f52c6a94ac3 <unknown>\n\n/opt/hostedtoolcache/Python/3.10.15/x64/lib/python3.10/site-packages/selenium/webdriver/support/wait.py:105: TimeoutException","flaky":false,"newFailed":false,"newBroken":false,"newPassed":false,"retriesCount":0,"retriesStatusChange":false,"beforeStages":[{"name":"init_driver","time":{"start":1730188782457,"stop":1730188794536,"duration":12079},"status":"passed","steps":[],"attachments":[],"parameters":[],"shouldDisplayMessage":false,"stepsCount":0,"attachmentsCount":0,"hasContent":false},{"name":"base_url","time":{"start":1730188794537,"stop":1730188794537,"duration":0},"status":"passed","steps":[],"attachments":[],"parameters":[],"shouldDisplayMessage":false,"stepsCount":0,"attachmentsCount":0,"hasContent":false}],"afterStages":[{"name":"init_driver::0","time":{"start":1730188892294,"stop":1730188892393,"duration":99},"status":"passed","steps":[],"attachments":[],"parameters":[],"shouldDisplayMessage":false,"stepsCount":0,"attachmentsCount":0,"hasContent":false}],"labels":[{"name":"tag","value":"@pytest.mark.usefixtures('init_driver', 'base_url')"},{"name":"suite","value":"test_all"},{"name":"subSuite","value":"TestMessage"},{"name":"host","value":"fv-az730-34"},{"name":"thread","value":"2297-MainThread"},{"name":"framework","value":"pytest"},{"name":"language","value":"cpython3"},{"name":"package","value":"test_all"},{"name":"resultFormat","value":"allure2"}],"parameters":[],"links":[],"hidden":false,"retry":false,"extra":{"severity":"normal","retries":[],"categories":[{"name":"Test defects","matchedStatuses":[],"flaky":false}],"tags":["@pytest.mark.usefixtures('init_driver', 'base_url')"]},"source":"62c2c8e5aaacdf2f.json","parameterValues":[]}