{"uid":"ce2da3a75284e8b2","name":"test_delete_message","fullName":"test_all.TestMessage#test_delete_message","historyId":"9aa73bccef4d935413a4f5ecd9506fde","time":{"start":1730222586631,"stop":1730222597178,"duration":10547},"status":"broken","statusMessage":"selenium.common.exceptions.TimeoutException: Message: Can't find element by locator ('xpath', '//div[@aria-roledescription=\"Сообщение\"]')\nStacktrace:\n#0 0x562f6e0770aa <unknown>\n#1 0x562f6db8e1a0 <unknown>\n#2 0x562f6dbdad06 <unknown>\n#3 0x562f6dbdafa1 <unknown>\n#4 0x562f6dc20344 <unknown>\n#5 0x562f6dbfedad <unknown>\n#6 0x562f6dc1d866 <unknown>\n#7 0x562f6dbfeb23 <unknown>\n#8 0x562f6dbcd990 <unknown>\n#9 0x562f6dbce96e <unknown>\n#10 0x562f6e04316b <unknown>\n#11 0x562f6e046f68 <unknown>\n#12 0x562f6e03064c <unknown>\n#13 0x562f6e047ae7 <unknown>\n#14 0x562f6e0154af <unknown>\n#15 0x562f6e0654f8 <unknown>\n#16 0x562f6e0656c0 <unknown>\n#17 0x562f6e075f26 <unknown>\n#18 0x7f928ee94ac3 <unknown>","statusTrace":"self = <test_all.TestMessage object at 0x7f3fde0a78b0>\nbase_url = 'https://discord.com/login'\n\n    def test_delete_message(self, base_url):\n        # Инициализация страницы\n        home_page = HomePage(self.driver)\n    \n        # Удалить сообщение\n>       home_page.delete_message()\n\ntest_all.py:106: \n_ _ _ _ _ _ _ _ _ _ _ _ _ _ _ _ _ _ _ _ _ _ _ _ _ _ _ _ _ _ _ _ _ _ _ _ _ _ _ _ \nhome_page.py:89: in delete_message\n    self.hover(self.form_message_locator())\nbase_page.py:21: in hover\n    element = self.find_element(locator)\nbase_page.py:13: in find_element\n    return WebDriverWait(self.driver, time).until(EC.presence_of_element_located(locator),\n_ _ _ _ _ _ _ _ _ _ _ _ _ _ _ _ _ _ _ _ _ _ _ _ _ _ _ _ _ _ _ _ _ _ _ _ _ _ _ _ \n\nself = <selenium.webdriver.support.wait.WebDriverWait (session=\"503ef9ed606b6f7ed14d8e89d65bb2bf\")>\nmethod = <function presence_of_element_located.<locals>._predicate at 0x7f3fddf21cf0>\nmessage = 'Can\\'t find element by locator (\\'xpath\\', \\'//div[@aria-roledescription=\"Сообщение\"]\\')'\n\n    def until(self, method: Callable[[D], Union[Literal[False], T]], message: str = \"\") -> T:\n        \"\"\"Calls the method provided with the driver as an argument until the \\\n        return value does not evaluate to ``False``.\n    \n        :param method: callable(WebDriver)\n        :param message: optional message for :exc:`TimeoutException`\n        :returns: the result of the last call to `method`\n        :raises: :exc:`selenium.common.exceptions.TimeoutException` if timeout occurs\n        \"\"\"\n        screen = None\n        stacktrace = None\n    \n        end_time = time.monotonic() + self._timeout\n        while True:\n            try:\n                value = method(self._driver)\n                if value:\n                    return value\n            except self._ignored_exceptions as exc:\n                screen = getattr(exc, \"screen\", None)\n                stacktrace = getattr(exc, \"stacktrace\", None)\n            time.sleep(self._poll)\n            if time.monotonic() > end_time:\n                break\n>       raise TimeoutException(message, screen, stacktrace)\nE       selenium.common.exceptions.TimeoutException: Message: Can't find element by locator ('xpath', '//div[@aria-roledescription=\"Сообщение\"]')\nE       Stacktrace:\nE       #0 0x562f6e0770aa <unknown>\nE       #1 0x562f6db8e1a0 <unknown>\nE       #2 0x562f6dbdad06 <unknown>\nE       #3 0x562f6dbdafa1 <unknown>\nE       #4 0x562f6dc20344 <unknown>\nE       #5 0x562f6dbfedad <unknown>\nE       #6 0x562f6dc1d866 <unknown>\nE       #7 0x562f6dbfeb23 <unknown>\nE       #8 0x562f6dbcd990 <unknown>\nE       #9 0x562f6dbce96e <unknown>\nE       #10 0x562f6e04316b <unknown>\nE       #11 0x562f6e046f68 <unknown>\nE       #12 0x562f6e03064c <unknown>\nE       #13 0x562f6e047ae7 <unknown>\nE       #14 0x562f6e0154af <unknown>\nE       #15 0x562f6e0654f8 <unknown>\nE       #16 0x562f6e0656c0 <unknown>\nE       #17 0x562f6e075f26 <unknown>\nE       #18 0x7f928ee94ac3 <unknown>\n\n/opt/hostedtoolcache/Python/3.10.15/x64/lib/python3.10/site-packages/selenium/webdriver/support/wait.py:105: TimeoutException","flaky":false,"newFailed":false,"newBroken":false,"newPassed":false,"retriesCount":0,"retriesStatusChange":false,"beforeStages":[{"name":"init_driver","time":{"start":1730222510771,"stop":1730222520848,"duration":10077},"status":"passed","steps":[],"attachments":[],"parameters":[],"shouldDisplayMessage":false,"stepsCount":0,"attachmentsCount":0,"hasContent":false},{"name":"base_url","time":{"start":1730222520848,"stop":1730222520848,"duration":0},"status":"passed","steps":[],"attachments":[],"parameters":[],"shouldDisplayMessage":false,"stepsCount":0,"attachmentsCount":0,"hasContent":false}],"afterStages":[{"name":"init_driver::0","time":{"start":1730222628873,"stop":1730222628975,"duration":102},"status":"passed","steps":[],"attachments":[],"parameters":[],"shouldDisplayMessage":false,"stepsCount":0,"attachmentsCount":0,"hasContent":false}],"labels":[{"name":"tag","value":"@pytest.mark.usefixtures('init_driver', 'base_url')"},{"name":"suite","value":"test_all"},{"name":"subSuite","value":"TestMessage"},{"name":"host","value":"fv-az1487-47"},{"name":"thread","value":"2178-MainThread"},{"name":"framework","value":"pytest"},{"name":"language","value":"cpython3"},{"name":"package","value":"test_all"},{"name":"resultFormat","value":"allure2"}],"parameters":[],"links":[],"hidden":false,"retry":false,"extra":{"severity":"normal","retries":[],"categories":[{"name":"Test defects","matchedStatuses":[],"flaky":false}],"history":{"statistic":{"failed":0,"broken":2,"skipped":0,"passed":0,"unknown":0,"total":2},"items":[{"uid":"9ce734a9ba492160","reportUrl":"https://DyatlovaTatyana.github.io/DiplomFront/47//#testresult/9ce734a9ba492160","status":"broken","statusDetails":"selenium.common.exceptions.TimeoutException: Message: Can't find element by locator ('xpath', '//div[@aria-roledescription=\"Сообщение\"]')\nStacktrace:\n#0 0x55b146b920aa <unknown>\n#1 0x55b1466a91a0 <unknown>\n#2 0x55b1466f5d06 <unknown>\n#3 0x55b1466f5fa1 <unknown>\n#4 0x55b14673b344 <unknown>\n#5 0x55b146719dad <unknown>\n#6 0x55b146738866 <unknown>\n#7 0x55b146719b23 <unknown>\n#8 0x55b1466e8990 <unknown>\n#9 0x55b1466e996e <unknown>\n#10 0x55b146b5e16b <unknown>\n#11 0x55b146b61f68 <unknown>\n#12 0x55b146b4b64c <unknown>\n#13 0x55b146b62ae7 <unknown>\n#14 0x55b146b304af <unknown>\n#15 0x55b146b804f8 <unknown>\n#16 0x55b146b806c0 <unknown>\n#17 0x55b146b90f26 <unknown>\n#18 0x7f52c6a94ac3 <unknown>","time":{"start":1730188850070,"stop":1730188860612,"duration":10542}}]},"tags":["@pytest.mark.usefixtures('init_driver', 'base_url')"]},"source":"ce2da3a75284e8b2.json","parameterValues":[]}